<?xml version="1.0" encoding="UTF-8"?>
<testsuite xmlns:xsi="http://www.w3.org/2001/XMLSchema-instance" xsi:noNamespaceSchemaLocation="https://maven.apache.org/surefire/maven-surefire-plugin/xsd/surefire-test-report-3.0.xsd" version="3.0" name="edu.eci.cvds.tdd.AppTest" time="0.131" tests="16" errors="0" skipped="0" failures="0">
  <properties>
[...]
</properties>
  <testcase name="testUserCannotBorrowSameBookTwice" classname="edu.eci.cvds.tdd.AppTest" time="0.055">
    <system-out><![CDATA[Libro agregado: 12345 - Nueva cantidad: 1
Error: No hay copias disponibles del libro.
]]></system-out>
  </testcase>
  <testcase name="testLoanBookFailsWhenBookNotAvailable" classname="edu.eci.cvds.tdd.AppTest" time="0.005">
    <system-out><![CDATA[Libro agregado: 12345 - Nueva cantidad: 1
Error: El libro con ISBN 99999 no existe.
]]></system-out>
  </testcase>
  <testcase name="testLoanBook_NoAvailableCopies" classname="edu.eci.cvds.tdd.AppTest" time="0.0">
    <system-out><![CDATA[Libro agregado: 12345 - Nueva cantidad: 1
Error: No hay copias disponibles del libro.
]]></system-out>
  </testcase>
  <testcase name="testGetTitle" classname="edu.eci.cvds.tdd.AppTest" time="0.004">
    <system-out><![CDATA[Libro agregado: 12345 - Nueva cantidad: 1
]]></system-out>
  </testcase>
  <testcase name="testAddBook" classname="edu.eci.cvds.tdd.AppTest" time="0.006">
    <system-out><![CDATA[Libro agregado: 12345 - Nueva cantidad: 1
Libro agregado: 12345 - Nueva cantidad: 1
]]></system-out>
  </testcase>
  <testcase name="testAddUser" classname="edu.eci.cvds.tdd.AppTest" time="0.0">
    <system-out><![CDATA[Libro agregado: 12345 - Nueva cantidad: 1
]]></system-out>
  </testcase>
  <testcase name="testHashCodeDifferentIds" classname="edu.eci.cvds.tdd.AppTest" time="0.005">
    <system-out><![CDATA[Libro agregado: 12345 - Nueva cantidad: 1
]]></system-out>
  </testcase>
  <testcase name="testGetName" classname="edu.eci.cvds.tdd.AppTest" time="0.0">
    <system-out><![CDATA[Libro agregado: 12345 - Nueva cantidad: 1
]]></system-out>
  </testcase>
  <testcase name="testReturnLoanSuccessfully" classname="edu.eci.cvds.tdd.AppTest" time="0.004">
    <system-out><![CDATA[Libro agregado: 12345 - Nueva cantidad: 1
Libro agregado: 12345 - Nueva cantidad: 1
Préstamo realizado con éxito.
Intentando devolver el préstamo: edu.eci.cvds.tdd.library.loan.Loan@22ffa91a
Préstamo devuelto correctamente.
]]></system-out>
  </testcase>
  <testcase name="testBooksWithSameIsbnAreEqual" classname="edu.eci.cvds.tdd.AppTest" time="0.003">
    <system-out><![CDATA[Libro agregado: 12345 - Nueva cantidad: 1
]]></system-out>
  </testcase>
  <testcase name="testHashCode" classname="edu.eci.cvds.tdd.AppTest" time="0.0">
    <system-out><![CDATA[Libro agregado: 12345 - Nueva cantidad: 1
]]></system-out>
  </testcase>
  <testcase name="testGetAuthor" classname="edu.eci.cvds.tdd.AppTest" time="0.0">
    <system-out><![CDATA[Libro agregado: 12345 - Nueva cantidad: 1
]]></system-out>
  </testcase>
  <testcase name="testLoanBook_UserDoesNotExist" classname="edu.eci.cvds.tdd.AppTest" time="0.006">
    <system-out><![CDATA[Libro agregado: 12345 - Nueva cantidad: 1
Error: El usuario no existe.
]]></system-out>
  </testcase>
  <testcase name="testUsersWithSameIdAreEqual" classname="edu.eci.cvds.tdd.AppTest" time="0.002">
    <system-out><![CDATA[Libro agregado: 12345 - Nueva cantidad: 1
]]></system-out>
  </testcase>
  <testcase name="testLoanBookSuccessfully" classname="edu.eci.cvds.tdd.AppTest" time="0.0">
    <system-out><![CDATA[Libro agregado: 12345 - Nueva cantidad: 1
Libro agregado: 12345 - Nueva cantidad: 1
Préstamo realizado con éxito.
]]></system-out>
  </testcase>
  <testcase name="testBooksWithDifferentIsbnAreNotEqual" classname="edu.eci.cvds.tdd.AppTest" time="0.004">
    <system-out><![CDATA[Libro agregado: 12345 - Nueva cantidad: 1
]]></system-out>
  </testcase>
</testsuite>